-1
-1
3359
-1
4998
-1
-1
1766
-1
-1
-1
-1
-1
1630
-1
-1
3706
5883
2135
4562
-1
-1
3512
-1
-1
-1
-1
-1
-1
-1
3047
5918
-1
3332
2680
-1
-1
6349
3686
4623
-1
-1
-1
-1
-1
5699
-1
-1
-1
-1
4969
2387
-1
-1
-1
-1
5931
-1
-1
-1
5160
-1
-1
-1
-1
4979
-1
5552
-1
-1
5818
-1
-1
1432
6613
6915
-1
-1
-1
-1
-1
-1
5914
-1
-1
4134
6657
3695
3987
-1
-1
-1
3499
6713
2507
1319
5903
-1
-1
3208
-1
-1
-1
5470
-1
5245
4403
-1
6573
-1
-1
-1
6842
-1
-1
-1
-1
-1
1028
-1
-1
2619
-1
-1
-1
-1
2392
5602
-1
3578
3230
-1
-1
-1
3071
-1
-1
6816
-1
6687
6682
-1
-1
-1
-1
-1
-1
-1
5681
-1
-1
-1
5965
-1
-1
-1
6468
3238
-1
4302
2331
-1
-1
-1
-1
-1
-1
-1
-1
4198
3543
-1
-1
-1
-1
-1
-1
-1
-1
6672
-1
5550
6801
-1
6722
-1
-1
-1
3352
5535
-1
-1
1013
-1
-1
-1
6765
-1
-1
-1
-1
-1
4670
-1
-1
1730
-1
5291
2569
-1
-1
-1
-1
-1
-1
-1
5093
-1
-1
-1
-1
-1
5004
-1
-1
-1
4001
-1
5554
-1
-1
-1
-1
4219
-1
-1
5228
4905
-1
-1
6061
-1
-1
2336
5894
5567
-1
-1
-1
1515
-1
-1
-1
1031
-1
-1
1805
-1
-1
3799
6433
3677
-1
-1
-1
-1
3640
4458
-1
2819
-1
-1
-1
6878
-1
-1
-1
-1
-1
-1
-1
1491
-1
-1
-1
-1
-1
-1
2403
-1
2177
-1
-1
2902
6142
2724
1431
6232
5678
-1
5985
6245
-1
4967
-1
-1
-1
-1
-1
-1
-1
-1
-1
-1
4751
-1
-1
-1
-1
-1
-1
-1
-1
6908
-1
-1
6034
2234
-1
-1
-1
-1
-1
6888
1074
-1
-1
-1
4873
3912
-1
-1
-1
-1
4659
4588
852
-1
4627
-1
-1
6457
-1
-1
-1
4486
-1
2994
3913
-1
-1
-1
6862
-1
-1
-1
3277
-1
3329
-1
-1
5297
6610
5128
-1
-1
-1
-1
6822
4851
5704
3178
1922
-1
-1
-1
5050
1421
6502
5048
-1
-1
-1
-1
-1
-1
-1
-1
-1
-1
2110
1954
-1
-1
-1
-1
-1
-1
-1
-1
4660
-1
3904
-1
-1
-1
-1
-1
-1
-1
-1
-1
-1
-1
-1
4455
-1
-1
6414
-1
-1
-1
-1
5961
5286
4059
-1
-1
827
3135
-1
5378
-1
-1
-1
-1
-1
5099
-1
613
-1
5417
4248
-1
5033
-1
-1
-1
5094
3879
-1
-1
-1
2027
-1
-1
-1
-1
3485
-1
-1
4499
-1
6780
-1
-1
4501
5019
-1
-1
4069
5655
-1
2838
4789
-1
4394
-1
-1
-1
-1
-1
-1
-1
-1
5966
-1
-1
-1
-1
-1
-1
-1
-1
-1
6925
-1
-1
-1
6273
-1
1569
-1
1956
-1
3470
2612
2314
-1
-1
-1
6504
-1
-1
5041
-1
-1
-1
838
4743
-1
-1
-1
-1
5129
3351
-1
6833
-1
-1
-1
4254
-1
-1
-1
-1
4357
3469
-1
-1
6265
-1
-1
4760
-1
-1
-1
-1
6174
-1
3280
-1
-1
-1
-1
3560
6718
-1
-1
-1
-1
-1
-1
-1
-1
5038
-1
-1
-1
-1
-1
-1
6167
3677
-1
-1
-1
-1
1536
-1
2545
-1
-1
-1
-1
-1
-1
-1
3147
-1
-1
6716
-1
-1
-1
-1
-1
6202
-1
-1
-1
-1
5538
-1
6247
5741
-1
-1
-1
-1
-1
6161
-1
-1
-1
6859
-1
-1
-1
-1
6026
-1
-1
4934
4000
-1
-1
-1
-1
5066
-1
1560
-1
-1
-1
-1
-1
-1
3459
-1
4592
715
-1
-1
-1
5902
-1
-1
-1
2657
1833
-1
3891
-1
-1
6524
-1
-1
-1
-1
-1
-1
-1
3293
-1
-1
6319
-1
-1
-1
1933
-1
3852
6201
5969
3808
1936
-1
6601
2280
-1
-1
-1
-1
-1
4242
-1
-1
-1
-1
4239
-1
-1
-1
-1
-1
-1
1177
2229
-1
-1
-1
6330
884
5210
3998
-1
-1
-1
4658
-1
-1
-1
6708
-1
-1
1990
4434
-1
-1
-1
-1
4000
3252
-1
5397
-1
-1
-1
6929
-1
-1
-1
-1
-1
-1
-1
-1
2331
6540
4615
-1
-1
4609
-1
-1
-1
-1
-1
-1
-1
-1
-1
-1
-1
5161
6679
-1
1317
-1
4562
-1
1068
-1
6718
-1
-1
1659
-1
-1
-1
-1
-1
-1
-1
-1
-1
-1
-1
-1
-1
-1
2486
4254
-1
4202
-1
-1
-1
-1
3561
-1
-1
-1
-1
6484
5708
1627
-1
-1
-1
-1
6390
3414
-1
-1
-1
6841
-1
-1
-1
-1
-1
4668
6402
-1
1939
-1
5078
-1
-1
-1
-1
-1
-1
6306
6815
-1
2090
-1
-1
5415
-1
-1
6887
-1
-1
3997
-1
-1
5672
-1
-1
-1
-1
6240
-1
-1
4498
-1
-1
-1
-1
2883
-1
-1
2263
-1
5637
-1
-1
3976
4745
-1
-1
-1
4934
6434
-1
-1
4707
-1
3346
-1
-1
-1
-1
-1
6752
3608
-1
5334
5722
6248
3676
-1
6292
-1
-1
5392
-1
-1
-1
-1
-1
-1
886
-1
-1
5441
-1
-1
3778
-1
-1
-1
6584
-1
-1
-1
5708
6228
6429
-1
-1
-1
-1
4849
5210
-1
-1
1565
3672
-1
-1
-1
5337
5352
-1
-1
-1
-1
6573
6128
6926
-1
6079
-1
5942
-1
-1
5010
-1
2789
-1
-1
-1
2239
-1
-1
5123
-1
-1
-1
4546
-1
-1
-1
-1
-1
4407
-1
4631
-1
6037
-1
-1
-1
-1
-1
-1
5942
-1
-1
4006
-1
-1
3301
-1
-1
6225
-1
-1
-1
-1
-1
-1
-1
-1
5524
6132
4286
-1
5415
2592
6326
-1
-1
4743
-1
-1
-1
-1
-1
-1
-1
6531
-1
898
-1
-1
-1
-1
4515
-1
-1
-1
-1
6482
2268
6400
6430
-1
-1
-1
-1
-1
-1
-1
-1
-1
-1
-1
-1
-1
5938
-1
-1
-1
5548
-1
6683
5812
5280
-1
-1
-1
-1
-1
-1
6166
-1
-1
-1
-1
5888
-1
-1
-1
-1
-1
4843
-1
-1
6881
-1
5772
-1
-1
-1
-1
-1
4383
-1
-1
5852
-1
-1
6245
883
-1
-1
-1
-1
-1
-1
-1
-1
-1
-1
6180
-1
-1
-1
-1
-1
-1
-1
-1
2933
4483
5430
3197
-1
-1
-1
-1
-1
4406
2170
-1
-1
-1
6518
-1
-1
6330
-1
-1
4648
-1
-1
6527
-1
-1
-1
-1
-1
6779
-1
-1
-1
-1
1855
-1
3923
-1
-1
6038
-1
-1
-1
-1
-1
-1
-1
-1
4071
-1
6290
-1
-1
-1
-1
-1
-1
-1
-1
-1
-1
4873
-1
-1
-1
-1
-1
-1
4331
-1
-1
-1
-1
-1
-1
-1
5884
-1
-1
-1
-1
-1
-1
2122
-1
4160
-1
-1
-1
-1
-1
-1
-1
-1
-1
-1
-1
-1
2660
4945
-1
-1
-1
5251
2584
-1
-1
6834
-1
6696
-1
4567
3393
-1
3595
-1
3656
-1
-1
5560
2193
-1
4284
-1
-1
5626
-1
-1
-1
-1
4257
-1
-1
-1
6623
-1
-1
4750
-1
-1
-1
-1
-1
2202
-1
-1
-1
6711
-1
-1
-1
-1
-1
-1
-1
-1
5469
3215
5072
-1
-1
2966
5386
-1
-1
1993
-1
-1
3191
5741
-1
-1
-1
1832
-1
-1
-1
-1
-1
-1
3485
-1
4602
-1
-1
3780
6196
-1
-1
-1
5674
5889
2838
-1
5048
-1
-1
-1
-1
4845
-1
-1
-1
-1
4258
-1
-1
5959
3458
-1
-1
-1
6459
-1
5978
-1
-1
-1
-1
-1
5769
-1
-1
-1
4651
4120
4828
-1
-1
2420
-1
-1
-1
-1
2675
-1
-1
6306
6420
6223
-1
-1
-1
-1
-1
-1
-1
-1
6011
-1
5058
6529
-1
-1
2985
3017
-1
-1
-1
6041
1321
5911
5634
4593
-1
-1
-1
-1
-1
-1
-1
-1
-1
-1
-1
-1
825
4176
6474
-1
-1
-1
-1
-1
-1
-1
5055
-1
-1
-1
4887
5022
-1
-1
-1
-1
-1
-1
-1
-1
-1
-1
-1
5801
-1
-1
4012
-1
-1
-1
-1
3515
1935
-1
-1
-1
3264
-1
4761
-1
4566
-1
-1
5190
-1
-1
6643
6851
5900
-1
-1
-1
-1
6872
6507
-1
-1
-1
-1
-1
-1
-1
-1
-1
-1
-1
-1
-1
4630
-1
-1
5997
-1
-1
3379
6037
5759
6591
2424
-1
-1
-1
5176
-1
-1
-1
-1
-1
-1
1988
5202
6396
-1
-1
-1
6479
-1
-1
-1
-1
4044
-1
-1
6555
-1
-1
-1
-1
-1
-1
-1
-1
-1
-1
4790
-1
3254
-1
-1
5459
-1
2314
-1
-1
-1
-1
-1
-1
5986
-1
683
-1
3773
3185
-1
2278
-1
-1
-1
-1
-1
4288
-1
-1
2280
-1
-1
3578
-1
-1
-1
-1
-1
6899
-1
-1
-1
5949
-1
-1
6127
6739
-1
-1
-1
5273
-1
-1
2385
-1
5984
3762
-1
-1
6929
-1
-1
4763
-1
-1
4631
-1
-1
3347
5258
6508
-1
6325
4827
-1
5200
643
-1
-1
1781
-1
-1
-1
-1
3218
6622
4558
4082
3367
-1
-1
-1
-1
-1
6300
2242
-1
6055
3390
1064
-1
6590
-1
-1
-1
6516
-1
-1
-1
-1
-1
6515
4221
-1
6171
2155
-1
-1
-1
-1
4598
-1
3814
-1
-1
-1
-1
-1
-1
5444
-1
-1
-1
-1
4182
3306
6870
-1
5288
-1
-1
-1
4085
1584
-1
6400
-1
-1
-1
5528
4924
-1
-1
3142
-1
-1
-1
-1
-1
5514
4056
-1
6395
-1
-1
2611
-1
-1
-1
2842
-1
-1
-1
-1
-1
-1
-1
-1
-1
-1
-1
-1
-1
-1
4273
-1
6657
-1
6405
-1
3633
-1
-1
-1
-1
4362
-1
-1
-1
-1
-1
-1
4471
-1
4281
6166
5680
-1
-1
4386
-1
-1
6644
-1
6562
6732
6651
4174
-1
4847
5067
-1
6880
-1
5717
-1
4391
5910
3348
2613
-1
-1
-1
6172
1146
-1
-1
-1
-1
-1
-1
4131
6485
-1
-1
-1
3449
5613
-1
-1
-1
5280
-1
-1
-1
5091
6306
-1
-1
-1
-1
6639
-1
-1
-1
-1
5314
-1
-1
4324
2889
-1
-1
5408
-1
6887
-1
-1
-1
-1
-1
-1
-1
-1
3380
-1
371
-1
-1
1921
-1
-1
4587
-1
-1
-1
6502
-1
-1
-1
-1
3348
-1
-1
5478
-1
-1
3612
-1
-1
6760
-1
-1
4265
6173
3434
6146
-1
-1
-1
-1
-1
6480
-1
6502
-1
2288
-1
-1
4618
-1
3732
-1
-1
-1
-1
-1
4863
6184
-1
-1
-1
4779
-1
-1
-1
-1
5256
6459
-1
-1
-1
-1
-1
-1
-1
2047
-1
1591
4567
-1
-1
6527
6160
5067
-1
-1
-1
-1
-1
-1
-1
-1
-1
6423
-1
-1
6234
-1
6328
-1
-1
-1
6592
-1
-1
5953
-1
-1
-1
-1
1907
5258
-1
-1
-1
-1
-1
5329
-1
-1
4109
2462
4228
-1
-1
-1
-1
-1
-1
-1
4635
-1
-1
5167
-1
3409
-1
-1
-1
3899
-1
-1
-1
-1
2119
-1
4109
-1
-1
6386
-1
-1
6682
-1
-1
5257
4394
-1
5640
-1
3981
-1
4424
4965
-1
-1
-1
-1
6629
5055
6809
-1
1580
-1
4634
-1
3304
6594
-1
-1
3681
-1
-1
-1
4891
-1
-1
-1
-1
-1
-1
4390
-1
-1
3780
-1
-1
-1
-1
-1
-1
3439
6429
2778
-1
-1
4013
-1
6083
-1
-1
-1
6551
2390
-1
-1
-1
-1
-1
-1
-1
-1
-1
-1
3687
-1
-1
-1
-1
-1
1412
3357
3143
-1
-1
-1
3250
2382
-1
3538
-1
1571
5581
-1
-1
-1
-1
-1
-1
5509
5452
4649
-1
-1
-1
3147
-1
-1
-1
-1
3709
-1
2234
-1
-1
3196
4417
-1
1573
5977
3550
-1
-1
-1
4703
-1
-1
-1
6866
-1
-1
-1
-1
-1
6781
-1
-1
-1
-1
4048
-1
-1
-1
-1
4367
5412
-1
6544
6128
-1
5691
-1
-1
6847
-1
5994
4914
-1
-1
-1
-1
-1
-1
6454
-1
-1
-1
6326
2387
-1
5365
-1
4659
3272
-1
4156
-1
-1
6052
-1
-1
-1
4612
-1
6085
-1
-1
6504
-1
-1
-1
-1
-1
5471
-1
792
-1
-1
3924
-1
4602
4816
-1
-1
-1
-1
4665
-1
3583
-1
-1
5730
-1
-1
-1
-1
5914
-1
-1
6008
-1
-1
-1
-1
5910
-1
-1
1413
-1
-1
-1
-1
-1
-1
-1
-1
4044
5677
-1
-1
-1
-1
2746
1300
5926
-1
-1
-1
-1
-1
6507
-1
-1
5725
-1
-1
-1
-1
-1
-1
-1
-1
-1
-1
-1
5550
-1
6189
-1
4801
-1
-1
-1
-1
-1
6622
-1
-1
-1
-1
-1
-1
-1
-1
-1
3085
-1
-1
2483
-1
4877
-1
-1
-1
-1
-1
5700
-1
-1
-1
4900
5700
-1
3925
5927
5020
1735
-1
-1
5035
-1
-1
-1
-1
-1
-1
-1
6313
-1
-1
-1
-1
5747
5504
-1
3603
2376
-1
-1
-1
3923
-1
-1
-1
-1
-1
-1
2961
-1
-1
4505
1771
-1
-1
-1
-1
-1
4346
4228
-1
-1
-1
-1
-1
-1
-1
-1
-1
-1
-1
-1
-1
-1
3625
-1
-1
2664
-1
-1
4793
3697
-1
-1
-1
6339
5778
-1
-1
2877
2568
6564
6582
-1
-1
-1
-1
-1
-1
-1
-1
-1
-1
2976
-1
-1
-1
-1
-1
3511
-1
-1
-1
-1
-1
-1
-1
-1
6093
-1
6301
-1
4281
-1
-1
-1
-1
-1
-1
4808
-1
-1
-1
-1
3861
5423
3026
1254
-1
6171
-1
-1
-1
-1
-1
-1
-1
-1
-1
-1
4205
-1
-1
-1
-1
-1
6405
-1
-1
4885
-1
-1
-1
-1
-1
5210
-1
6316
-1
-1
-1
-1
-1
-1
-1
-1
4824
-1
2082
-1
-1
5188
-1
-1
-1
-1
-1
-1
-1
-1
-1
3364
4653
-1
2809
5588
-1
3732
-1
-1
-1
5536
-1
-1
-1
-1
-1
4603
-1
-1
-1
1779
-1
-1
-1
5584
4303
4525
2767
-1
-1
-1
-1
-1
-1
-1
-1
4446
-1
-1
-1
6233
-1
-1
6561
-1
4417
-1
-1
-1
5267
-1
-1
-1
-1
-1
-1
-1
-1
2992
-1
6418
5688
-1
-1
-1
-1
-1
-1
-1
-1
-1
-1
-1
-1
-1
2524
4751
-1
-1
-1
6524
-1
-1
-1
5891
4827
-1
3662
-1
3245
-1
2463
-1
-1
-1
-1
-1
-1
-1
2915
3589
-1
-1
1704
-1
-1
-1
-1
5530
-1
-1
-1
5381
-1
-1
-1
-1
3192
-1
6505
-1
-1
6061
-1
-1
-1
-1
-1
-1
4877
-1
-1
1770
6848
-1
5402
-1
2178
-1
-1
-1
-1
5688
2475
3127
4912
-1
-1
-1
2273
2995
-1
4827
-1
-1
4745
-1
6820
2935
-1
5146
-1
-1
-1
-1
-1
-1
-1
4891
-1
-1
-1
-1
-1
4738
-1
6017
-1
-1
-1
-1
1521
-1
-1
-1
-1
-1
-1
-1
-1
-1
5195
-1
-1
5179
-1
-1
-1
-1
-1
6136
6514
-1
-1
-1
-1
-1
-1
-1
-1
-1
-1
-1
-1
-1
-1
-1
-1
4576
-1
6280
-1
-1
-1
-1
6910
-1
1127
-1
-1
-1
-1
-1
-1
5927
-1
6763
-1
1716
-1
-1
-1
-1
-1
-1
5785
560
6784
-1
-1
3207
-1
5818
-1
-1
-1
-1
-1
-1
-1
-1
-1
-1
-1
1807
-1
-1
-1
6781
5877
-1
876
6277
-1
-1
-1
-1
-1
-1
-1
2578
-1
6706
-1
-1
-1
6730
-1
1515
-1
-1
-1
-1
-1
6298
2382
-1
-1
6678
-1
-1
-1
-1
-1
1728
-1
5314
-1
-1
-1
-1
-1
-1
-1
4420
-1
-1
5177
-1
-1
-1
-1
-1
-1
-1
5805
5590
6621
-1
-1
-1
-1
-1
-1
-1
-1
-1
-1
-1
-1
-1
-1
-1
-1
3089
6177
6155
2461
6105
-1
1176
-1
-1
-1
6558
-1
-1
-1
3696
-1
-1
-1
-1
-1
-1
-1
-1
-1
722
-1
-1
3639
2272
-1
-1
5452
4051
777
-1
1991
-1
-1
3707
4248
-1
-1
-1
-1
2960
-1
6272
6076
-1
-1
-1
-1
-1
-1
-1
-1
6849
-1
-1
3133
-1
-1
-1
-1
-1
3962
-1
3829
-1
5843
-1
1234
-1
5986
4719
6155
-1
-1
6900
1212
-1
-1
-1
-1
-1
5789
-1
-1
4848
-1
-1
-1
-1
-1
3119
2027
-1
-1
-1
-1
-1
-1
-1
1187
-1
-1
-1
-1
3856
-1
6546
-1
5347
-1
6029
-1
-1
-1
-1
-1
-1
-1
2668
-1
6217
-1
-1
-1
4857
-1
878
3079
-1
-1
-1
-1
6209
-1
-1
-1
1643
-1
-1
-1
5278
3821
-1
-1
-1
-1
-1
-1
-1
-1
-1
5587
-1
3431
1138
-1
-1
-1
-1
-1
-1
-1
-1
-1
6626
5828
5724
-1
-1
-1
-1
-1
-1
-1
6570
-1
-1
-1
-1
2326
-1
-1
5291
-1
-1
-1
-1
-1
4181
-1
-1
-1
-1
5979
-1
-1
-1
-1
-1
-1
-1
-1
1248
-1
5582
3757
-1
3967
-1
-1
-1
5334
-1
-1
-1
-1
6288
-1
-1
5239
6663
3018
-1
2748
5726
4650
-1
5843
-1
-1
-1
-1
-1
-1
6183
-1
5614
-1
-1
6250
4376
5053
4180
2992
-1
-1
-1
-1
-1
3661
-1
-1
3547
2770
-1
5221
-1
-1
-1
-1
-1
-1
-1
-1
-1
-1
-1
-1
-1
4433
-1
-1
4247
950
-1
-1
-1
-1
-1
-1
4974
-1
-1
-1
-1
-1
-1
-1
-1
-1
6003
-1
-1
6062
-1
4257
-1
-1
-1
-1
6309
-1
-1
-1
-1
-1
5588
-1
-1
-1
-1
-1
-1
4795
-1
6563
-1
-1
-1
-1
4273
-1
-1
-1
-1
-1
-1
-1
6396
-1
-1
-1
6155
-1
4409
-1
-1
5066
-1
-1
-1
-1
-1
-1
-1
-1
-1
1151
2942
3736
5412
-1
-1
-1
-1
-1
-1
-1
-1
5886
-1
-1
-1
-1
1437
5208
6519
4254
-1
-1
5025
-1
-1
3775
-1
5226
-1
-1
-1
5527
5300
6058
3759
-1
-1
2650
-1
-1
-1
-1
-1
5693
3603
-1
-1
-1
-1
-1
-1
-1
3880
-1
-1
6454
3512
-1
-1
-1
-1
-1
4650
5370
2161
-1
-1
-1
-1
6292
-1
-1
5536
5393
2274
4807
-1
-1
6093
-1
-1
-1
-1
4420
-1
-1
-1
-1
-1
-1
-1
-1
-1
3210
-1
-1
-1
-1
-1
-1
-1
-1
-1
2667
-1
4057
-1
-1
-1
-1
-1
-1
4408
6264
-1
-1
-1
-1
5327
-1
-1
-1
-1
-1
-1
5100
-1
-1
-1
6760
-1
-1
-1
-1
-1
-1
6817
-1
-1
-1
-1
1965
-1
-1
4482
-1
2594
-1
-1
-1
5994
-1
-1
-1
6817
-1
6379
-1
-1
-1
-1
-1
4833
-1
943
-1
-1
-1
-1
4532
3380
-1
-1
-1
1232
2439
-1
-1
-1
-1
-1
-1
-1
5072
5598
-1
-1
5452
-1
-1
3591
917
-1
-1
-1
-1
-1
-1
4562
-1
-1
1551
6898
-1
-1
3786
-1
6528
-1
4847
5452
5292
6432
-1
-1
-1
-1
-1
6004
3044
-1
6031
-1
2722
-1
-1
3202
-1
2649
-1
4101
-1
-1
-1
3264
-1
-1
4149
-1
-1
-1
6170
2243
-1
-1
-1
-1
-1
-1
4556
-1
-1
-1
-1
4511
4314
-1
6326
-1
-1
6017
-1
-1
-1
-1
-1
-1
-1
-1
-1
-1
-1
-1
4723
4574
-1
-1
-1
6247
-1
-1
-1
-1
-1
-1
-1
5672
-1
-1
6760
6382
-1
6758
-1
-1
-1
-1
-1
-1
-1
3584
5726
-1
-1
-1
-1
-1
-1
-1
-1
-1
-1
-1
-1
-1
361
-1
-1
-1
-1
-1
2919
6806
-1
-1
-1
6166
-1
6199
-1
-1
5409
1968
-1
-1
3277
-1
4311
6655
-1
-1
-1
-1
-1
3529
6156
6775
-1
5352
-1
-1
-1
-1
5291
6235
-1
6746
-1
-1
-1
-1
-1
-1
-1
-1
-1
-1
-1
-1
-1
-1
4778
-1
4382
-1
-1
-1
-1
3218
-1
-1
-1
-1
5103
-1
-1
-1
-1
-1
-1
-1
-1
2540
-1
5302
6151
-1
6155
6546
-1
-1
-1
-1
-1
-1
-1
-1
-1
6799
-1
-1
4018
1955
-1
-1
-1
-1
-1
4410
6536
6078
-1
-1
5595
-1
-1
-1
3507
-1
2768
-1
-1
3979
6888
-1
-1
-1
6339
-1
-1
-1
-1
-1
-1
-1
2262
-1
-1
-1
-1
-1
3672
-1
-1
6680
1149
5200
-1
-1
-1
-1
-1
3447
-1
-1
-1
4190
-1
-1
-1
-1
5440
6094
-1
4652
-1
-1
-1
-1
3669
-1
-1
3917
-1
5052
-1
-1
-1
-1
-1
-1
-1
-1
-1
-1
-1
5808
-1
-1
-1
-1
-1
-1
1731
-1
6800
-1
5239
-1
-1
-1
-1
-1
6298
-1
-1
-1
-1
6843
5178
-1
-1
-1
-1
1649
6257
-1
-1
-1
-1
-1
6217
-1
-1
4551
5698
-1
-1
-1
-1
-1
-1
6241
4206
-1
1485
-1
-1
5086
1844
-1
-1
-1
-1
-1
-1
-1
2252
5750
-1
-1
-1
5921
5203
-1
6552
-1
-1
-1
5194
-1
-1
-1
-1
3134
4943
-1
-1
-1
2195
-1
-1
-1
2324
-1
6927
4190
4173
-1
-1
-1
-1
-1
-1
-1
-1
-1
1522
1968
-1
-1
-1
-1
-1
-1
-1
-1
-1
-1
-1
6551
-1
-1
-1
5830
-1
-1
-1
-1
-1
-1
-1
3220
-1
-1
2549
6785
6800
-1
-1
-1
-1
2098
1907
-1
6498
-1
-1
-1
6338
4560
-1
-1
-1
-1
-1
-1
-1
-1
3885
-1
6056
-1
-1
-1
-1
-1
3409
-1
5808
-1
-1
6051
-1
-1
4612
-1
5976
5213
5584
-1
-1
-1
1651
-1
6036
1630
5221
-1
5796
-1
-1
-1
-1
-1
-1
-1
-1
-1
-1
257
-1
-1
-1
-1
6627
-1
-1
5425
-1
-1
-1
-1
-1
-1
-1
5334
-1
-1
-1
-1
-1
-1
-1
-1
1986
4453
4192
-1
6684
-1
-1
-1
-1
-1
-1
3400
-1
4062
-1
-1
-1
-1
-1
-1
5045
1165
-1
-1
-1
-1
-1
2668
-1
-1
337
-1
-1
-1
4854
4195
3979
-1
2226
-1
-1
-1
3086
-1
6083
-1
-1
-1
3060
-1
-1
2309
6361
-1
-1
-1
-1
6461
-1
-1
1737
-1
-1
-1
-1
-1
-1
-1
-1
-1
-1
-1
-1
4623
-1
6898
5840
-1
-1
5965
-1
-1
2672
-1
-1
6482
-1
-1
-1
-1
-1
-1
-1
6870
-1
2161
-1
6512
-1
-1
-1
-1
-1
-1
-1
-1
-1
-1
-1
3171
2923
-1
-1
-1
-1
-1
5319
-1
2998
-1
-1
6275
-1
4697
-1
-1
-1
-1
4107
2454
4476
-1
-1
-1
-1
-1
-1
-1
-1
-1
-1
-1
5089
-1
2089
-1
3210
3437
-1
3632
5184
4866
-1
-1
-1
-1
-1
-1
-1
-1
-1
6840
6164
1065
-1
-1
4894
-1
-1
6902
-1
1716
-1
-1
-1
5621
-1
-1
-1
-1
-1
-1
-1
-1
4376
-1
-1
-1
-1
-1
-1
-1
-1
-1
4969
-1
5156
1954
-1
-1
4545
-1
-1
5922
4119
5784
-1
-1
-1
-1
-1
-1
-1
-1
-1
-1
-1
-1
5572
3832
5325
-1
-1
-1
-1
-1
-1
1872
-1
6064
881
3617
6934
2673
-1
-1
-1
3591
-1
-1
-1
-1
-1
-1
-1
-1
-1
-1
5437
3640
-1
-1
-1
-1
-1
-1
5590
-1
-1
6602
-1
3139
5393
-1
-1
-1
-1
-1
6231
-1
5790
5460
-1
-1
-1
5444
-1
-1
5716
-1
-1
-1
5342
-1
6726
-1
6517
5349
-1
4190
-1
4621
-1
-1
-1
6555
6291
4707
4371
4180
-1
-1
-1
-1
-1
6553
-1
5586
5156
-1
-1
-1
-1
4943
-1
-1
4787
3431
4293
-1
-1
3007
-1
-1
1306
-1
5788
-1
4310
-1
6252
6724
5655
6438
-1
-1
3527
-1
-1
-1
2183
-1
4620
-1
-1
-1
-1
-1
-1
-1
-1
-1
-1
-1
6321
-1
-1
-1
-1
-1
-1
-1
-1
5497
-1
-1
2655
-1
-1
-1
662
-1
-1
6370
-1
-1
-1
-1
-1
-1
5632
-1
-1
-1
-1
2596
-1
-1
-1
6581
-1
-1
-1
-1
5802
-1
-1
-1
-1
-1
-1
5613
-1
-1
-1
6489
4194
-1
2882
-1
-1
3784
-1
-1
3901
-1
-1
2731
6323
-1
-1
4908
-1
-1
-1
-1
-1
-1
5430
-1
-1
5161
-1
-1
-1
3594
-1
-1
5341
-1
-1
-1
-1
-1
-1
3595
5871
-1
-1
-1
-1
5548
-1
4487
6499
-1
-1
-1
-1
-1
-1
-1
-1
2236
-1
-1
-1
4351
-1
-1
3423
-1
-1
-1
2516
-1
-1
-1
-1
6337
4432
-1
-1
-1
5724
-1
3909
6271
-1
-1
-1
-1
6670
-1
5161
-1
-1
-1
-1
3089
5159
6585
6395
-1
-1
-1
-1
5959
-1
4630
-1
-1
-1
-1
-1
-1
-1
-1
-1
4870
-1
4229
3048
-1
-1
-1
-1
-1
-1
-1
-1
-1
-1
-1
-1
-1
-1
-1
4750
-1
-1
-1
-1
-1
-1
-1
5172
-1
5236
6719
-1
-1
-1
-1
-1
-1
5919
-1
5940
-1
-1
-1
-1
-1
-1
3789
-1
-1
-1
-1
3994
4383
5251
-1
5893
2087
-1
5870
-1
-1
-1
-1
-1
-1
-1
-1
6759
-1
-1
-1
-1
-1
-1
6761
4997
6227
-1
-1
-1
-1
-1
-1
-1
-1
-1
-1
-1
6161
-1
5503
-1
-1
-1
-1
3851
3830
-1
-1
-1
-1
2088
4382
-1
4407
3898
-1
1547
-1
3770
-1
5325
2828
-1
-1
6931
-1
2919
2373
-1
5115
-1
-1
-1
-1
-1
-1
6718
-1
-1
-1
-1
5835
-1
-1
5302
5803
-1
-1
-1
-1
-1
4084
-1
-1
1951
4722
-1
6581
-1
-1
-1
-1
-1
-1
-1
-1
4825
-1
879
-1
1926
-1
-1
3697
6654
-1
1535
-1
-1
-1
-1
5554
5632
-1
5143
-1
-1
-1
5201
4536
-1
-1
3529
-1
-1
6881
-1
-1
3487
-1
-1
-1
-1
1094
4023
-1
6266
-1
-1
-1
2802
-1
-1
3656
-1
-1
-1
-1
-1
-1
5061
-1
-1
-1
-1
-1
1907
-1
-1
-1
-1
-1
-1
6067
-1
5423
5128
3429
-1
-1
-1
-1
-1
-1
2956
-1
6719
4132
-1
-1
-1
-1
-1
-1
-1
-1
-1
-1
-1
-1
-1
-1
2563
-1
5072
-1
-1
-1
1147
4062
2333
2379
-1
3461
-1
-1
-1
-1
134
6540
-1
-1
-1
-1
-1
-1
1367
-1
-1
-1
4513
-1
-1
-1
-1
6190
-1
-1
6798
5084
-1
-1
-1
3226
-1
-1
-1
4539
3656
-1
5355
-1
-1
3135
4451
4833
2874
1676
-1
-1
4405
750
-1
1933
4787
-1
-1
-1
-1
2348
5881
3379
6582
5372
-1
4353
-1
-1
-1
-1
6561
-1
3356
-1
5787
-1
5959
-1
-1
-1
-1
-1
6477
-1
-1
-1
3848
-1
-1
-1
-1
5461
-1
-1
-1
-1
-1
-1
6099
-1
-1
-1
-1
-1
-1
-1
-1
-1
-1
6909
3578
-1
-1
1041
6430
-1
4063
-1
-1
3295
-1
-1
-1
-1
-1
-1
-1
-1
5845
-1
-1
6759
-1
953
4967
-1
-1
995
6152
2052
4589
-1
-1
-1
3400
-1
-1
-1
6104
-1
-1
6478
-1
6923
1103
-1
3317
-1
-1
5613
-1
4575
-1
-1
-1
-1
-1
-1
3059
-1
-1
-1
-1
-1
-1
-1
-1
-1
5747
-1
3398
-1
-1
-1
3127
-1
3598
-1
-1
-1
-1
-1
-1
-1
-1
6577
-1
4436
-1
6023
-1
4245
-1
5322
6334
-1
5014
-1
-1
-1
5521
5962
1776
5760
-1
-1
-1
2924
-1
-1
-1
5025
6922
-1
-1
-1
-1
-1
2536
-1
-1
-1
-1
-1
-1
-1
-1
6839
-1
1912
-1
-1
-1
-1
-1
-1
3457
-1
-1
4391
-1
-1
-1
3266
-1
-1
-1
-1
-1
-1
-1
-1
-1
-1
-1
-1
-1
-1
-1
-1
-1
-1
-1
-1
-1
-1
-1
-1
3321
-1
5530
-1
-1
-1
2770
-1
-1
5230
-1
4527
-1
-1
-1
-1
-1
-1
4973
4153
-1
5911
-1
4815
-1
-1
-1
-1
-1
-1
-1
3416
-1
-1
-1
2757
-1
-1
-1
4492
-1
4183
5305
-1
-1
-1
-1
-1
-1
-1
-1
4958
3389
3425
-1
5737
-1
2180
6340
-1
-1
-1
-1
-1
-1
-1
-1
-1
4948
5581
-1
-1
-1
-1
-1
-1
-1
6887
-1
2289
-1
-1
-1
4284
-1
6855
-1
6707
-1
-1
-1
-1
521
3051
4738
-1
-1
-1
-1
4889
6130
4159
-1
-1
-1
-1
4757
-1
6213
4473
-1
-1
-1
5661
-1
-1
3322
-1
5943
-1
-1
-1
3877
-1
-1
-1
4734
-1
-1
6314
4204
-1
-1
-1
-1
5310
-1
-1
-1
-1
5786
-1
-1
-1
5527
-1
4507
3262
-1
-1
6629
-1
-1
-1
-1
-1
5526
-1
-1
-1
-1
-1
6221
-1
-1
-1
-1
-1
-1
-1
4318
4473
-1
6268
383
-1
-1
-1
-1
1641
-1
-1
-1
-1
-1
4120
-1
3845
-1
1944
-1
-1
-1
-1
-1
-1
-1
-1
3361
5786
6508
4746
-1
-1
-1
-1
-1
-1
-1
5541
-1
-1
-1
-1
-1
-1
-1
6270
-1
4838
-1
6769
-1
-1
6306
-1
-1
-1
2565
-1
-1
5598
-1
-1
-1
6172
-1
-1
-1
1856
-1
3952
5590
5920
2080
4347
4945
-1
4093
-1
-1
2961
-1
-1
5072
-1
6892
-1
-1
-1
-1
-1
-1
-1
-1
5939
-1
-1
6098
5067
-1
-1
-1
-1
-1
-1
-1
-1
3266
-1
3770
-1
-1
-1
-1
2630
-1
-1
-1
5030
-1
-1
-1
3810
-1
-1
-1
-1
-1
-1
-1
-1
-1
-1
-1
-1
-1
-1
-1
-1
-1
-1
-1
6197
-1
-1
-1
-1
-1
5238
-1
-1
-1
6689
6769
3037
-1
3591
3674
-1
-1
-1
-1
-1
-1
-1
-1
-1
6418
-1
5825
5017
3397
-1
-1
-1
1874
-1
-1
3638
-1
-1
6339
-1
5743
-1
4033
-1
-1
-1
6741
-1
6383
-1
-1
3563
-1
-1
-1
-1
-1
6414
-1
-1
-1
-1
2220
-1
4275
3229
-1
3366
-1
6028
-1
3936
-1
-1
-1
-1
937
-1
-1
4325
5150
-1
6517
-1
-1
-1
-1
-1
-1
-1
6802
-1
-1
-1
-1
5657
-1
-1
-1
-1
-1
6215
1249
4629
-1
-1
-1
1584
1836
4256
-1
6908
-1
-1
4805
-1
-1
-1
-1
-1
-1
-1
-1
-1
-1
-1
-1
2253
3165
-1
-1
6857
-1
-1
6817
-1
-1
-1
6080
-1
-1
-1
-1
-1
-1
-1
6117
5509
-1
-1
-1
5421
-1
-1
4656
-1
-1
-1
5248
-1
-1
-1
4587
6719
-1
-1
-1
-1
-1
-1
-1
-1
-1
6231
3116
5496
-1
-1
-1
-1
6191
-1
-1
-1
-1
-1
-1
-1
-1
-1
-1
-1
-1
-1
-1
4336
-1
2932
-1
-1
3248
-1
6835
5691
-1
-1
2037
-1
-1
5056
-1
-1
4351
-1
226
-1
5191
6444
-1
6438
-1
-1
-1
6642
-1
-1
6247
-1
3673
-1
-1
-1
-1
-1
6601
-1
-1
941
-1
-1
5720
-1
6799
2561
-1
5528
6805
6434
3317
5302
-1
6834
-1
-1
-1
-1
-1
6517
6852
6151
4280
3573
-1
-1
5413
-1
-1
3306
-1
5213
-1
5479
-1
959
6501
-1
-1
-1
-1
-1
-1
-1
-1
-1
-1
-1
3188
-1
2282
6166
-1
-1
5419
6874
-1
-1
6850
-1
6233
6642
-1
5601
-1
-1
-1
-1
-1
-1
4621
-1
5533
-1
-1
-1
4333
-1
-1
-1
-1
-1
-1
-1
4962
-1
-1
-1
-1
3084
-1
-1
-1
-1
-1
3245
-1
-1
-1
-1
-1
5024
5877
-1
-1
-1
-1
-1
-1
5487
5939
-1
-1
6654
6820
-1
-1
-1
-1
-1
-1
-1
-1
-1
6649
-1
-1
-1
-1
-1
-1
5420
3882
-1
6143
-1
-1
6644
-1
-1
-1
-1
-1
5019
-1
2548
2865
-1
-1
-1
-1
5213
-1
-1
-1
1991
-1
-1
6147
-1
-1
-1
5612
-1
5862
-1
6048
-1
5013
-1
6246
2736
-1
6076
4713
3099
-1
-1
5084
-1
5421
-1
-1
4398
6546
-1
-1
-1
-1
-1
-1
-1
3172
-1
-1
-1
-1
-1
6365
-1
-1
-1
-1
-1
-1
-1
-1
6505
5725
-1
-1
-1
-1
-1
3019
-1
-1
-1
-1
-1
-1
-1
3745
6351
-1
-1
-1
5318
-1
-1
4123
6842
2265
5341
5305
5357
-1
-1
-1
-1
-1
-1
-1
-1
-1
-1
-1
-1
4993
-1
6505
-1
6729
-1
-1
-1
-1
-1
-1
6931
4304
-1
-1
-1
6152
-1
-1
-1
4816
6056
-1
-1
-1
3750
-1
5966
-1
-1
-1
6261
-1
6002
4589
3288
-1
3002
3451
-1
-1
-1
-1
-1
4608
-1
-1
-1
-1
6808
6532
-1
-1
6416
-1
4779
-1
-1
2910
-1
-1
-1
-1
-1
3169
3810
-1
-1
4390
3962
-1
-1
-1
-1
-1
-1
-1
-1
-1
-1
1697
-1
5166
-1
-1
5334
-1
